==== UltraScanNet Training ====
Job started on babel-m5-32 at Sun Apr 12 19:24:57 EDT 2026
SLURM_JOB_ID: 7081159
[preflight] torch=2.11.0+cu128 cuda_build=12.8 cuda_available=True
[preflight] mamba_ssm import: OK
[preflight] Environment check passed
Config      : /home/jgibson2/projects/UltraScanNet/ultrascannet/configs/experiments/mambavision_tiny2_1k_run_exp.yaml
Model       : ultra_scan_net
Experiment  : ultra_scan_net_BUSI
Data dir    : /home/jgibson2/projects/UltraScanNet/datasets/BUSI_split
Output dir  : /home/jgibson2/projects/UltraScanNet/weights
WandB group : ultrascannet_reproduce
Layer scale conv None
First layer convblock_posenc
⚠️ Skipping classifier head due to num_classes mismatch (1000 in checkpoint vs 3 in model)
The model and loaded state dict do not match exactly

unexpected key in source state_dict: levels.1.blocks.2.conv1.weight, levels.1.blocks.2.conv1.bias, levels.1.blocks.2.norm1.weight, levels.1.blocks.2.norm1.bias, levels.1.blocks.2.norm1.running_mean, levels.1.blocks.2.norm1.running_var, levels.1.blocks.2.norm1.num_batches_tracked, levels.1.blocks.2.conv2.weight, levels.1.blocks.2.conv2.bias, levels.1.blocks.2.norm2.weight, levels.1.blocks.2.norm2.bias, levels.1.blocks.2.norm2.running_mean, levels.1.blocks.2.norm2.running_var, levels.1.blocks.2.norm2.num_batches_tracked, levels.2.blocks.4.mixer.A_log, levels.2.blocks.4.mixer.D, levels.2.blocks.4.mixer.in_proj.weight, levels.2.blocks.4.mixer.x_proj.weight, levels.2.blocks.4.mixer.dt_proj.weight, levels.2.blocks.4.mixer.dt_proj.bias, levels.2.blocks.4.mixer.out_proj.weight, levels.2.blocks.4.mixer.conv1d_x.weight, levels.2.blocks.4.mixer.conv1d_z.weight, levels.2.blocks.5.mixer.A_log, levels.2.blocks.5.mixer.D, levels.2.blocks.5.mixer.in_proj.weight, levels.2.blocks.5.mixer.x_proj.weight, levels.2.blocks.5.mixer.dt_proj.weight, levels.2.blocks.5.mixer.dt_proj.bias, levels.2.blocks.5.mixer.out_proj.weight, levels.2.blocks.5.mixer.conv1d_x.weight, levels.2.blocks.5.mixer.conv1d_z.weight

missing keys in source state_dict: patch_embed.pos_embed, levels.0.pos_embed, levels.1.blocks.2.local_rep.conv1.weight, levels.1.blocks.2.local_rep.conv1.bias, levels.1.blocks.2.local_rep.norm1.weight, levels.1.blocks.2.local_rep.norm1.bias, levels.1.blocks.2.local_rep.norm1.running_mean, levels.1.blocks.2.local_rep.norm1.running_var, levels.1.blocks.2.local_rep.conv2.weight, levels.1.blocks.2.local_rep.conv2.bias, levels.1.blocks.2.local_rep.norm2.weight, levels.1.blocks.2.local_rep.norm2.bias, levels.1.blocks.2.local_rep.norm2.running_mean, levels.1.blocks.2.local_rep.norm2.running_var, levels.1.blocks.2.proj.weight, levels.1.blocks.2.proj.bias, levels.1.blocks.2.norm.weight, levels.1.blocks.2.norm.bias, levels.1.blocks.2.transformer.layers.0.self_attn.in_proj_weight, levels.1.blocks.2.transformer.layers.0.self_attn.in_proj_bias, levels.1.blocks.2.transformer.layers.0.self_attn.out_proj.weight, levels.1.blocks.2.transformer.layers.0.self_attn.out_proj.bias, levels.1.blocks.2.transformer.layers.0.linear1.weight, levels.1.blocks.2.transformer.layers.0.linear1.bias, levels.1.blocks.2.transformer.layers.0.linear2.weight, levels.1.blocks.2.transformer.layers.0.linear2.bias, levels.1.blocks.2.transformer.layers.0.norm1.weight, levels.1.blocks.2.transformer.layers.0.norm1.bias, levels.1.blocks.2.transformer.layers.0.norm2.weight, levels.1.blocks.2.transformer.layers.0.norm2.bias, levels.1.blocks.2.transformer.layers.1.self_attn.in_proj_weight, levels.1.blocks.2.transformer.layers.1.self_attn.in_proj_bias, levels.1.blocks.2.transformer.layers.1.self_attn.out_proj.weight, levels.1.blocks.2.transformer.layers.1.self_attn.out_proj.bias, levels.1.blocks.2.transformer.layers.1.linear1.weight, levels.1.blocks.2.transformer.layers.1.linear1.bias, levels.1.blocks.2.transformer.layers.1.linear2.weight, levels.1.blocks.2.transformer.layers.1.linear2.bias, levels.1.blocks.2.transformer.layers.1.norm1.weight, levels.1.blocks.2.transformer.layers.1.norm1.bias, levels.1.blocks.2.transformer.layers.1.norm2.weight, levels.1.blocks.2.transformer.layers.1.norm2.bias, levels.1.blocks.2.sgu_gate.weight, levels.1.blocks.2.sgu_gate.bias, levels.1.blocks.2.fuse.weight, levels.1.blocks.2.fuse.bias, levels.2.blocks.0.mixer.temb, levels.2.blocks.0.mixer.z_gate.weight, levels.2.blocks.0.mixer.z_gate.bias, levels.2.blocks.0.mixer.residual_proj.0.weight, levels.2.blocks.0.mixer.residual_proj.0.bias, levels.2.blocks.0.mixer.residual_proj.2.weight, levels.2.blocks.0.mixer.residual_proj.2.bias, levels.2.blocks.1.mixer.temb, levels.2.blocks.1.mixer.z_gate.weight, levels.2.blocks.1.mixer.z_gate.bias, levels.2.blocks.1.mixer.residual_proj.0.weight, levels.2.blocks.1.mixer.residual_proj.0.bias, levels.2.blocks.1.mixer.residual_proj.2.weight, levels.2.blocks.1.mixer.residual_proj.2.bias, levels.2.blocks.2.mixer.temb, levels.2.blocks.2.mixer.z_gate.weight, levels.2.blocks.2.mixer.z_gate.bias, levels.2.blocks.2.mixer.residual_proj.0.weight, levels.2.blocks.2.mixer.residual_proj.0.bias, levels.2.blocks.2.mixer.residual_proj.2.weight, levels.2.blocks.2.mixer.residual_proj.2.bias, levels.2.blocks.3.mixer.temb, levels.2.blocks.3.mixer.z_gate.weight, levels.2.blocks.3.mixer.z_gate.bias, levels.2.blocks.3.mixer.residual_proj.0.weight, levels.2.blocks.3.mixer.residual_proj.0.bias, levels.2.blocks.3.mixer.residual_proj.2.weight, levels.2.blocks.3.mixer.residual_proj.2.bias, levels.2.blocks.4.mixer.dwconv.weight, levels.2.blocks.4.mixer.dwconv.bias, levels.2.blocks.4.mixer.norm.weight, levels.2.blocks.4.mixer.norm.bias, levels.2.blocks.4.mixer.pwff.0.weight, levels.2.blocks.4.mixer.pwff.0.bias, levels.2.blocks.4.mixer.pwff.2.weight, levels.2.blocks.4.mixer.pwff.2.bias, levels.2.blocks.5.mixer.qkv.weight, levels.2.blocks.5.mixer.qkv.bias, levels.2.blocks.5.mixer.proj.weight, levels.2.blocks.5.mixer.proj.bias, levels.3.blocks.0.mixer.temb, levels.3.blocks.0.mixer.z_gate.weight, levels.3.blocks.0.mixer.z_gate.bias, levels.3.blocks.0.mixer.residual_proj.0.weight, levels.3.blocks.0.mixer.residual_proj.0.bias, levels.3.blocks.0.mixer.residual_proj.2.weight, levels.3.blocks.0.mixer.residual_proj.2.bias, levels.3.blocks.1.mixer.temb, levels.3.blocks.1.mixer.z_gate.weight, levels.3.blocks.1.mixer.z_gate.bias, levels.3.blocks.1.mixer.residual_proj.0.weight, levels.3.blocks.1.mixer.residual_proj.0.bias, levels.3.blocks.1.mixer.residual_proj.2.weight, levels.3.blocks.1.mixer.residual_proj.2.bias, head.weight, head.bias

filter_bias_and_bn
===================================================================================================================
Layer (type:depth-idx)                                            Output Shape              Param #
===================================================================================================================
UltraScanNet                                                      [1, 3]                    --
├─PatchEmbedLearnedPos: 1-1                                       [1, 80, 56, 56]           250,880
│    └─Identity: 2-1                                              [1, 3, 224, 224]          --
│    └─Sequential: 2-2                                            [1, 80, 56, 56]           --
│    │    └─Conv2d: 3-1                                           [1, 32, 112, 112]         864
│    │    └─BatchNorm2d: 3-2                                      [1, 32, 112, 112]         64
│    │    └─ReLU: 3-3                                             [1, 32, 112, 112]         --
│    │    └─Conv2d: 3-4                                           [1, 80, 56, 56]           23,040
│    │    └─BatchNorm2d: 3-5                                      [1, 80, 56, 56]           160
│    │    └─ReLU: 3-6                                             [1, 80, 56, 56]           --
├─ModuleList: 1-2                                                 --                        --
│    └─ConvBlockWithPosEncStage0: 2-3                             [1, 160, 28, 28]          250,880
│    │    └─Sequential: 3-7                                       [1, 80, 56, 56]           115,680
│    │    └─Downsample: 3-8                                       [1, 160, 28, 28]          115,200
│    └─MambaHybridLayer: 2-4                                      [1, 320, 14, 14]          --
│    │    └─ModuleList: 3-9                                       --                        1,876,000
│    │    └─Downsample: 3-10                                      [1, 320, 14, 14]          460,800
│    └─UltraScanNetLayer: 2-5                                     [1, 640, 7, 7]            --
│    │    └─ModuleList: 3-11                                      --                        13,520,960
│    │    └─Downsample: 3-12                                      [1, 640, 7, 7]            1,843,200
│    └─UltraScanNetLayer: 2-6                                     [1, 640, 7, 7]            --
│    │    └─ModuleList: 3-13                                      --                        18,739,520
├─BatchNorm2d: 1-3                                                [1, 640, 7, 7]            1,280
├─AdaptiveAvgPool2d: 1-4                                          [1, 640, 1, 1]            --
├─Linear: 1-5                                                     [1, 3]                    1,923
===================================================================================================================
Total params: 37,200,451
Trainable params: 37,200,451
Non-trainable params: 0
Total mult-adds (Units.GIGABYTES): 2.00
===================================================================================================================
Input size (MB): 0.60
Forward/backward pass size (MB): 123.23
Params size (MB): 145.92
Estimated Total Size (MB): 269.75
===================================================================================================================

Dataset sizes: TRAIN - 624 and EVAL - 156

